{
  "0 debug pnpm:scope": {
    "selected": 1
  },
  "1 debug pnpm:package-manifest": {
    "initial": {
      "name": "interview",
      "version": "1.0.0",
      "description": "isboyjc blog",
      "main": "index.js",
      "scripts": {
        "docs:dev": "vitepress dev docs",
        "docs:build": "vitepress build docs",
        "docs:preview": "vitepress preview docs",
        "test": "echo \"Error: no test specified\" && exit 1"
      },
      "keywords": [
        "isboyjc",
        "blog"
      ],
      "author": "isboyjc",
      "license": "ISC",
      "devDependencies": {
        "@mermaid-js/mermaid-mindmap": "9.1.7",
        "mermaid": "9.1.7",
        "vitepress": "^1.0.0-beta.2",
        "vitepress-plugin-mermaid": "^2.0.8",
        "vue": "^3.2.47"
      }
    },
    "prefix": "/Users/lijianchao/isboyjc/remote/Interview"
  },
  "2 debug pnpm:context": {
    "currentLockfileExists": false,
    "storeDir": "/Users/lijianchao/.pnpm-store/v3",
    "virtualStoreDir": "/Users/lijianchao/isboyjc/remote/Interview/node_modules/.pnpm"
  },
  "3 debug pnpm:stage": {
    "prefix": "/Users/lijianchao/isboyjc/remote/Interview",
    "stage": "resolution_started"
  },
  "4 debug pnpm:_dependency_resolved": {
    "resolution": "registry.npmjs.org/mermaid/9.1.7",
    "wanted": {
      "dependentId": ".",
      "name": "mermaid",
      "rawSpec": "9.1.7"
    }
  },
  "5 debug pnpm:progress": {
    "packageId": "registry.npmjs.org/mermaid/9.1.7",
    "requester": "/Users/lijianchao/isboyjc/remote/Interview",
    "status": "resolved"
  },
  "6 debug pnpm:progress": {
    "packageId": "registry.npmjs.org/mermaid/9.1.7",
    "requester": "/Users/lijianchao/isboyjc/remote/Interview",
    "status": "found_in_store"
  },
  "7 error pnpm": {
    "code": "ERR_PNPM_NO_MATCHING_VERSION",
    "packageMeta": {
      "name": "@mermaid-js/mermaid-mindmap",
      "dist-tags": {
        "next": "9.3.0-rc1",
        "latest": "9.3.0"
      },
      "versions": {
        "9.2.0-rc2": {
          "name": "@mermaid-js/mermaid-mindmap",
          "version": "9.2.0-rc2",
          "dependencies": {
            "@braintree/sanitize-url": "^6.0.0",
            "cytoscape": "^3.23.0",
            "cytoscape-cose-bilkent": "^4.1.0",
            "cytoscape-fcose": "^2.1.0",
            "d3": "^7.0.0",
            "non-layered-tidy-tree-layout": "^2.0.2"
          },
          "devDependencies": {
            "concurrently": "^7.4.0",
            "rimraf": "^3.0.2"
          },
          "dist": {
            "integrity": "sha512-pS1WYAeqXkdoNL9WF5iTbsGCXu/3v9mWWBpyexySHRADCL3itCgSovIui6IlCfl1CBngrCcYQPAI+Zn08UVV9Q==",
            "shasum": "93de1fa6e1286b4ee1575f7f93e9dd19281e503a",
            "tarball": "https://registry.npmjs.org/@mermaid-js/mermaid-mindmap/-/mermaid-mindmap-9.2.0-rc2.tgz",
            "fileCount": 32,
            "unpackedSize": 26654722,
            "signatures": [
              {
                "keyid": "SHA256:jl3bwswu80PjjokCgh0o2w5c2U4LhQAE57gj9cz1kzA",
                "sig": "MEUCIHcWyNwqTMinjM4AY0Wz22EdVNaQRKu31dUTLVyvN+kUAiEA78dbU3mRodrYs1WOWbdM9rn+68Ry8qIvAxCey6U661o="
              }
            ],
            "npm-signature": "-----BEGIN PGP SIGNATURE-----\r\nVersion: OpenPGP.js v4.10.10\r\nComment: https://openpgpjs.org\r\n\r\nwsFzBAEBCAAGBQJjRRp8ACEJED1NWxICdlZqFiEECWMYAoorWMhJKdjhPU1b\r\nEgJ2Vmq4Dw/+Oijy8CjchXoK0qVMHkdYE3pe3q1SVhLA82UcJjDmEuOmgENp\r\n0+RwV1yk0OII/unN2vCEVU+TaOLh65O4jVCbvt5kjVAb4X5Jl1E1HSMdWPpF\r\nAXS8iqqZakfzKmkiVwUcUJuzZTKmtvItWsB5Niqypky+t9Q4lnrw/AZ+gK5W\r\nyfHkUqxlsoEkcOKscCCrXe8Gv+p4dJwGJ1L43K7qQ3i7taku876TgWnCop0c\r\n00nD/D+oYi+Zi+3HdLsLRalJ03bUmmn3QAqxDC4OFWEle2Se9yO0xP4W0gF6\r\n/m2H1VrDpFE45C6NXx8tHLAYEYXtj/xYE11/uZcZaaYHzkc4r/3XPBoOgK5m\r\n62ONvCutqZyph6abQTVkQPA8BO8kBs4JBdGk9m3TS9kPvnTXn093qsUksPzk\r\ncU8vCvqvleEd1T+wPLhzzrb0v9cd1PMQQWfE4YDhcnP2Vu0rn7z5xi3X0Bc0\r\nED3cQjjlYX9jnugocv783S85qeS2MDhCePgIt3pXtgkEBFjObQY6jyuYaFKl\r\nTywVa0DOSGVZJQY4L6dPKrtyDmSB4/xEEKWlS2E6RZD7eINeFrwHddbAgz+Z\r\neMSxH7AYNgSExAGyA2M9IwHy9JivPeC/gSMw1YAzvltlDH+95UeKK9Nbxroj\r\nw5mTukQwC53Ayi9dIH5qEOXrPopwEAZJ7rQ=\r\n=xhjo\r\n-----END PGP SIGNATURE-----\r\n"
          }
        },
        "9.2.0-rc3": {
          "name": "@mermaid-js/mermaid-mindmap",
          "version": "9.2.0-rc3",
          "dependencies": {
            "@braintree/sanitize-url": "^6.0.0",
            "cytoscape": "^3.23.0",
            "cytoscape-cose-bilkent": "^4.1.0",
            "cytoscape-fcose": "^2.1.0",
            "d3": "^7.0.0",
            "non-layered-tidy-tree-layout": "^2.0.2"
          },
          "devDependencies": {
            "concurrently": "^7.4.0",
            "rimraf": "^3.0.2"
          },
          "dist": {
            "integrity": "sha512-ll3Wb9/5AF5SpnbPlT7qRzDKUG179EE96gz/fIvtxdcyCxUK+gf/GJnKwfJoiTWCfz8KCeua9jwnb0CAozKjbA==",
            "shasum": "ab8417de204bcd160b580efa57a4d590e3a3adff",
            "tarball": "https://registry.npmjs.org/@mermaid-js/mermaid-mindmap/-/mermaid-mindmap-9.2.0-rc3.tgz",
            "fileCount": 32,
            "unpackedSize": 26654201,
            "signatures": [
              {
                "keyid": "SHA256:jl3bwswu80PjjokCgh0o2w5c2U4LhQAE57gj9cz1kzA",
                "sig": "MEUCIQDi4diKBz+blHYbkVe9CJMUul1CVdpPh6gwY8IK+vk6dAIgecI69NyVFEH8jd0y0a7ajT+IyQL0jutlxOxG9YUQzMY="
              }
            ],
            "npm-signature": "-----BEGIN PGP SIGNATURE-----\r\nVersion: OpenPGP.js v4.10.10\r\nComment: https://openpgpjs.org\r\n\r\nwsFzBAEBCAAGBQJjSWFiACEJED1NWxICdlZqFiEECWMYAoorWMhJKdjhPU1b\r\nEgJ2VmrX6g/+PyvioSnK/KzEZRf4ofuMcDyH8320J9p0HycXT7j0d5McrzcO\r\nqLckhuS8sT/liJg2kx7eAXaBxHdZQeSNatjl+QJfYQ5UqNBB/UG2xbV/mb0y\r\nksvQlYn7lamJGtlVvDbQMEm9RPajdv/5Fcfpxep9yH45+v2n80dYTvsqSeLH\r\nvCPxRfhZiiDuFNKvdDDWUvo10oACuHGqZce2G5Sx+LmEhXeC63Z1wc+dJhMZ\r\n/JliRZgclcAPyYEXz68Eow+AmF+MxsrTxbSOmroQuNBOOm11GzKhScVmvo9N\r\n/ZP+RkQS5rCCL1S+pA8Ox8uR5d1rkGeJsNVt9u1wB7m28ifXxomLtlEoQcRN\r\ngXpSZqoWvvUJplMh9Q5cV+G00LefEeJnNFX/KX8cPuPoMuapnkKpW/rmdlkP\r\n0xTqfRSCwRSv23AMKYFyjndiTHBZ/gJW7H0sxjkvlPi6pisZr9U9TaHcx46R\r\ng4xRqYQwiRhfWidkZA+NLcYLak9B2jbUX9vopdhgHT6chjnRQfDFsTOOuyGt\r\njtuOUL2JO5y2uMtJKO5I7UU8ucVgGNH/YdoBW0VfNtzTEaeoxAXyllKQQs2K\r\n/Pi+c1RA36o3I9VwZuCkSvXwpUTS3wICvspGwIiT9ay6d5XIDah5ye1DsNt2\r\nT5yEVNDv0wf4Njqw8ikA5Y3E6zgzcDLkAi0=\r\n=512J\r\n-----END PGP SIGNATURE-----\r\n"
          }
        },
        "9.2.0-rc4": {
          "name": "@mermaid-js/mermaid-mindmap",
          "version": "9.2.0-rc4",
          "dependencies": {
            "@braintree/sanitize-url": "^6.0.0",
            "cytoscape": "^3.23.0",
            "cytoscape-cose-bilkent": "^4.1.0",
            "cytoscape-fcose": "^2.1.0",
            "d3": "^7.0.0",
            "non-layered-tidy-tree-layout": "^2.0.2"
          },
          "devDependencies": {
            "concurrently": "^7.4.0",
            "rimraf": "^3.0.2"
          },
          "dist": {
            "integrity": "sha512-W7crvFQ1mcZmBf/rlATH2YiaUTw4FRwnv9P/DfaP/GhweivbW5gWYKAveH3cGwJ/8I1q/jlaJPzGrqXMXk4ohw==",
            "shasum": "a76229952bc3af2d40a7312ab9e58385a97dc19a",
            "tarball": "https://registry.npmjs.org/@mermaid-js/mermaid-mindmap/-/mermaid-mindmap-9.2.0-rc4.tgz",
            "fileCount": 32,
            "unpackedSize": 26655330,
            "signatures": [
              {
                "keyid": "SHA256:jl3bwswu80PjjokCgh0o2w5c2U4LhQAE57gj9cz1kzA",
                "sig": "MEQCICTG+U1mHYOP5w1eUpCvwe1dDn8LIwDa16RQZ4e9qa9BAiB6zjtHkMaV1+JyNBCqdhYCSAYX3fOShVnFpJyjACYe1w=="
              }
            ],
            "npm-signature": "-----BEGIN PGP SIGNATURE-----\r\nVersion: OpenPGP.js v4.10.10\r\nComment: https://openpgpjs.org\r\n\r\nwsFzBAEBCAAGBQJjTRTVACEJED1NWxICdlZqFiEECWMYAoorWMhJKdjhPU1b\r\nEgJ2VmrF9w/9GoXJgliusn29uVuV+S79RdRMxHQzu59XL1kUvnstz/km5+kO\r\nrCFgSJLOJ6hZ6bK672TM9jRNbqB8CBG5IEC5aXvO6eWlJZnTwmy/ThF8M7zv\r\nhhiKUgrL2CjbblpBikmScmZOloOqZDRbZMqOZkSaSlMtgpLO5PvwScYjx8ZP\r\neQwsO8h73Ii5C75/fvTqDVBi2Dq1h9zhejYRpXvMgmss6eb+a9rJz3qPlrp9\r\n/STP0yE0O66ldoGXkvhidZiZJF+CkQwshazFyGXkux3Se7njXvLWoeeSzQi9\r\nnM1S/OR706Cm5oHZ7RYfubGCROQK54YdMac4ZAH4dZp1rPXvdLvkb+uN7w4l\r\nFfJK75N4rwGnM0YNNA3DXAW0TxP9YrGN2eApx9v65Z9TFxGrXfQhugkJQz9Y\r\nRix3+eTBoRpnxjLwSJSS9DcF3nBwzOW+5EaL7zbWlLjVAZ+523qy245XUJQw\r\njlWyYjn0ywfswNmRjBGEqNLVpOYc57nv3grdyJ2ZsUeWyrAXsfY3HeS++WH0\r\nyR5nXfZFcUUNPOr1zhFyR4LthdGZ7VHg4ejeW8S2Y+T64K4jscjCL1fi4h9l\r\n7Nl8OpxmuQHM911EYQH11Y1ssvCktoJDcjM9zki3UCMO0OspqEvNBIRbdG/l\r\nLQ85+P5vFvHZNWyjKaTyD688ZlISuph1Ll8=\r\n=HJ2M\r\n-----END PGP SIGNATURE-----\r\n"
          }
        },
        "9.2.0-rc5": {
          "name": "@mermaid-js/mermaid-mindmap",
          "version": "9.2.0-rc5",
          "dependencies": {
            "@braintree/sanitize-url": "^6.0.0",
            "cytoscape": "^3.23.0",
            "cytoscape-cose-bilkent": "^4.1.0",
            "cytoscape-fcose": "^2.1.0",
            "d3": "^7.0.0",
            "non-layered-tidy-tree-layout": "^2.0.2"
          },
          "devDependencies": {
            "concurrently": "^7.4.0",
            "mermaid": "workspace:*",
            "rimraf": "^3.0.2"
          },
          "dist": {
            "integrity": "sha512-ct9alE+yTf3HoDLypSwz2hwyTmzYkCiiXOINjYgRaKxD5axoDDZDFHPmzESeOHJPLbytOPX1tYm3uvOVrcZJNA==",
            "shasum": "cdb54d266db0fe47371d112fc50e399556595bf9",
            "tarball": "https://registry.npmjs.org/@mermaid-js/mermaid-mindmap/-/mermaid-mindmap-9.2.0-rc5.tgz",
            "fileCount": 32,
            "unpackedSize": 26658405,
            "signatures": [
              {
                "keyid": "SHA256:jl3bwswu80PjjokCgh0o2w5c2U4LhQAE57gj9cz1kzA",
                "sig": "MEQCIB/L4hFBdBWmrrpahXcANmxiAepnbQ7njOymsMhKOCh+AiBdakP9VnSreNc+l1j3xwI3sNhwNpfUI1iEQcr5OGGNcA=="
              }
            ],
            "npm-signature": "-----BEGIN PGP SIGNATURE-----\r\nVersion: OpenPGP.js v4.10.10\r\nComment: https://openpgpjs.org\r\n\r\nwsFzBAEBCAAGBQJjUNSWACEJED1NWxICdlZqFiEECWMYAoorWMhJKdjhPU1b\r\nEgJ2Vmo3pw/5AHNv6jGupkPK/Y01G0YLdbv1OTSf0WLmm022QGvZykyFXA+r\r\nZdLQKYpoUjHukcp6p8fUtFjEfS+A6FhFZhtrVnNvS7J1yum5sb1Sy+1j7gn0\r\nNZUl+6284SysTK1VsQKp2ot+BnYo/4dbQmHjVa3d+mM2x3iH7iPtKpSatZE7\r\n7ARS8u301zwmGo5VKZL0eA6OZMqcdQX0Ae06q3PTqzLJu7P5cFd5xFcgdEHs\r\nAq8TaCOUL7wBiDXpIcENVISvzgFGbB2tDtcEl4urPyNIfRBbHGg8Y1wSeNAy\r\nqTkjaJsx7+DLOT0pZQSULTRL7jZKQ49ZciujFdCFC5IoPM6pKW7hXCLitRS8\r\nFug2sKfsdaKu1jMZqaZytmkXOQMaGVYCtFbAoPRp5vtbjJDNSpsBWlEeFN7m\r\nWYRxanuIFANeRuilNIg89Ns/WF58LEXcZ64T0ZlRm5EwoJfHE7PS37hveNuP\r\nx4iKEi0or9zVotEDHDZSHg9WP/DKTzSqrxrV080LARMJ2xC0d+3HwcDtimjv\r\npz/Tz2NPwd8BFcApBGQvLr/uswVSfd5wpcJWdRViaOAwIrVgqbkVVUXluKxB\r\nmi6oyHrE5taVolF3K2Cgz6Mmb6pfTemMcAicdXTy9k8Xw4wc0l/Krrj0nPfT\r\niZBVrUik3NQk16qSZcU/CjuU+vN8H/f9XIA=\r\n=8D88\r\n-----END PGP SIGNATURE-----\r\n"
          }
        },
        "9.2.0": {
          "name": "@mermaid-js/mermaid-mindmap",
          "version": "9.2.0",
          "dependencies": {
            "@braintree/sanitize-url": "^6.0.0",
            "cytoscape": "^3.23.0",
            "cytoscape-cose-bilkent": "^4.1.0",
            "cytoscape-fcose": "^2.1.0",
            "d3": "^7.0.0",
            "non-layered-tidy-tree-layout": "^2.0.2"
          },
          "devDependencies": {
            "concurrently": "^7.4.0",
            "mermaid": "workspace:*",
            "rimraf": "^3.0.2"
          },
          "dist": {
            "integrity": "sha512-5xiuUi/u5Y2iNOKZcNx2zcbR1AMwqdr1F7+VGO7/ZkpaM3Dv1onz/9Y/Kuvp0u6vBCX9TUbNKTuDUILcsSt4kQ==",
            "shasum": "31128ce4d933abfb49437728f3ff5a9053e0dc86",
            "tarball": "https://registry.npmjs.org/@mermaid-js/mermaid-mindmap/-/mermaid-mindmap-9.2.0.tgz",
            "fileCount": 32,
            "unpackedSize": 26658401,
            "signatures": [
              {
                "keyid": "SHA256:jl3bwswu80PjjokCgh0o2w5c2U4LhQAE57gj9cz1kzA",
                "sig": "MEQCIFQp+TSUnyt7/gvJxjHMO/C70EOT64olnpT1SGHRumXxAiA2tl26jDiFQvpMEO7Lwl0Q5ylwC0bVZdxksc0yPjSYgw=="
              }
            ],
            "npm-signature": "-----BEGIN PGP SIGNATURE-----\r\nVersion: OpenPGP.js v4.10.10\r\nComment: https://openpgpjs.org\r\n\r\nwsFzBAEBCAAGBQJjYSm1ACEJED1NWxICdlZqFiEECWMYAoorWMhJKdjhPU1b\r\nEgJ2VmqjKw//ev2eNV5iFshFLMNq4ZyRx642WFFzBvHj1fUrBlk7ULi2AyNS\r\nKbkRlsZgbltP52FDOtEUBlVfskhRr+1YFO8OBbWdGdUbiuIa6JkczGwfGF8E\r\njIIBdjhEPizs+3lgn7l4hZ5mwFmo4bb1kk3gTIQgO49vPfGPbEwblEElhq4Z\r\nt9GAhJ7dOZkOvpOqU359OQLEuimqwAhACEHmsXdfHyYNLuGvD7rEUJxJrK7r\r\nGY1byooVosmpiKmLbMwnGOMFSuWrh77SbNrqJ0+Zay3ij2ZuSdYjxMHViuS/\r\nfzZ5mk4hT6zj1UYepleWpfI0pPbVS4bJvs9p+9DLDnCM+16+9IojFot6Fwpw\r\nPh7MAPeQMNWdRJrgQduyebwMN32vl3SNu4Lw/i4hDWf2qrbiixVsrHcsEAvf\r\nXrA4CEv6sBMio36Qq7kmdk+yAZQDh0xEfm9FQ+ofiwgz2IiK2hH7L4cpwZYv\r\nxezoXjp+4i2xvNS4GHloOAfYzomKQC0cx9Oteb5bEHDwjDYJJNyeKBebx5lw\r\ntJx+ctdo1R4yBByPhT2ccFr7HVMYjn1dA79Vc0Esh5sWC78iD7HVCJf2s3fw\r\nNU6zRRsr7cGanRpQQTXiuTXK2lIf4V2uWVn/8Bd6OLZuiSef8IDWusoKtjY5\r\n6uQdTUw8179hK/V56gru1MlpSwMJwF1uBuI=\r\n=4NQ5\r\n-----END PGP SIGNATURE-----\r\n"
          }
        },
        "9.2.1": {
          "name": "@mermaid-js/mermaid-mindmap",
          "version": "9.2.1",
          "dependencies": {
            "@braintree/sanitize-url": "^6.0.0",
            "cytoscape": "^3.23.0",
            "cytoscape-cose-bilkent": "^4.1.0",
            "cytoscape-fcose": "^2.1.0",
            "d3": "^7.0.0",
            "non-layered-tidy-tree-layout": "^2.0.2"
          },
          "devDependencies": {
            "concurrently": "^7.4.0",
            "mermaid": "workspace:*",
            "rimraf": "^3.0.2"
          },
          "dist": {
            "integrity": "sha512-7WIGPsEK0hIor/k+i7iFITyI7j3MUJEIOpFURQttrcp2PGsdbp3iT+wf2A+ylyN0TNyhnPEMX1+JFzfBygTEvQ==",
            "shasum": "c307edbd3ef65be36bb81990250083bbb53bfe8c",
            "tarball": "https://registry.npmjs.org/@mermaid-js/mermaid-mindmap/-/mermaid-mindmap-9.2.1.tgz",
            "fileCount": 32,
            "unpackedSize": 26658401,
            "signatures": [
              {
                "keyid": "SHA256:jl3bwswu80PjjokCgh0o2w5c2U4LhQAE57gj9cz1kzA",
                "sig": "MEUCICH6tCeXQPIhTQO4XPJHQ6n0tw0fxuAy2iwxIrC8v7RFAiEA4dLn8NcaY+8/+5rYxI43gG2wMAd7vY4Gv8eKYUxklOo="
              }
            ],
            "npm-signature": "-----BEGIN PGP SIGNATURE-----\r\nVersion: OpenPGP.js v4.10.10\r\nComment: https://openpgpjs.org\r\n\r\nwsFzBAEBCAAGBQJjanJrACEJED1NWxICdlZqFiEECWMYAoorWMhJKdjhPU1b\r\nEgJ2VmoJjA//WAIygzH4tpwL5nAn5aBLwxZtHRyKTzWWJf+P89e18G7ccNxg\r\nPHVN/EginN+s7PI7ypd9li7HNcFyZWpGRSjFFLr0PwBblO5lhyN1HrpPQAd4\r\nxGj4CXSo1pfp46/vxU2xi+Aabrc38RslfQY7QovTz7i8zanPz5GDiEWiocRn\r\nbFuS3uxeMl21MI9bjqzCbhyFYISjFSHNPdtXWUXaygPxf/UZaES1mfveSNbJ\r\nYzQ2qbRr5g4MmlRL0P5aWHf105+B0B94oyGwbI6YDCgf2KxYRxpITKwk4wBZ\r\nQg+A5DQGjdklb9qRr2beIw0MPYg+k3O4yk6bpfAq4009gsZLdJQlqNoO+mDf\r\neqpcQmbkPRsg2M9NWjLdnBLhuCvUGqhnW6rtxEF3IsZpoA2n6OztCIrz3olW\r\nCb8d8wfmqdnO8+Wzz7XExZTxFkevq1JFIzGy5/mkysbfUYUFPHbHbA1YewZs\r\n8O0IKDceTPoy9AFNzq/AaRnT2AWp1TDFhpKKGXPwYivnN/A+MfihGds/NUs6\r\nnEw0ogKGwq7bSJoUsNwUg3SJvtlwY8uwAjE5Yk5QiPCG5oskEYYaE86TSGg1\r\nfEPl1jl1+7Z1AX0BMaeMTIUU3b6a8YFrN5H3nTLOzIAxO+kfFBL/BP5DluUR\r\n+/D9vsm4g9WEzSKPbXN8yUOVp3Q16ov0jqg=\r\n=S6Nl\r\n-----END PGP SIGNATURE-----\r\n"
          }
        },
        "9.2.2-rc1": {
          "name": "@mermaid-js/mermaid-mindmap",
          "version": "9.2.2-rc1",
          "dependencies": {
            "@braintree/sanitize-url": "^6.0.0",
            "cytoscape": "^3.23.0",
            "cytoscape-cose-bilkent": "^4.1.0",
            "cytoscape-fcose": "^2.1.0",
            "d3": "^7.0.0",
            "non-layered-tidy-tree-layout": "^2.0.2"
          },
          "devDependencies": {
            "concurrently": "^7.4.0",
            "mermaid": "workspace:*",
            "rimraf": "^3.0.2"
          },
          "dist": {
            "integrity": "sha512-4xPwEkgSNRROEYctiqlEC6HQtN/G9p3MWF5kLnajfixKCuLsvHnqguBTZpsGXFooIrUf9g9bAdZUrZCRqsQmjA==",
            "shasum": "f278a43ff9a45f61ceae68682013281f1379749a",
            "tarball": "https://registry.npmjs.org/@mermaid-js/mermaid-mindmap/-/mermaid-mindmap-9.2.2-rc1.tgz",
            "fileCount": 22,
            "unpackedSize": 11729958,
            "signatures": [
              {
                "keyid": "SHA256:jl3bwswu80PjjokCgh0o2w5c2U4LhQAE57gj9cz1kzA",
                "sig": "MEYCIQCOONsI5gLt3821JARQPd1I85LFF3zuFxpZE0IpVKOMbwIhAP5w3qIrvU3HJsoBqXi1mnaIXYnyf8ZF4tQG1DGRJemD"
              }
            ],
            "npm-signature": "-----BEGIN PGP SIGNATURE-----\r\nVersion: OpenPGP.js v4.10.10\r\nComment: https://openpgpjs.org\r\n\r\nwsFzBAEBCAAGBQJjaquiACEJED1NWxICdlZqFiEECWMYAoorWMhJKdjhPU1b\r\nEgJ2VmrWmA/8CKbmeus5l4aF6tgwXYCrdBoOipiNBPSD2Vda+zXuPWG8pXbz\r\nN0z2ZNKemKM3zTyznqN4k3suRamLZW1YzGqMJuiJ5GWJGSuqtBhwh1uiLlSF\r\nsm4+pXlXqHjNzitc2Xs8eHStQQQrzqulF83xEmTYuHgbCV3le81GqQ/ZiGuL\r\nesxv5AL2KzPbTBWbLgblj6aIJkBqQvgkG6XvRF/iU2wFC2QnkderfkXuQc3y\r\n9kx6jZZEI8FG+Kln12EMfPmI6eK1Mg3vbqkHqfuww22FixWt0Ma8blUeEjFs\r\nOYipZLLGJllom6QaczsqCZQuQQ/g/xFh5Ty9oY0DbU+BDCDBvQoBZyQNv/D5\r\nCAprI0Ltb2vYeDdyaGSGPi0d74lpJamjf4bQMW0Y04cQbBOW89Nn12BnDLzW\r\n2Zi8vn/F4eBM9yBJ8xss3eNTi3VWFy4Diej3pVwuV/WjMcb8RsOXliUdueak\r\nW58J05+EYvwkh7AkSNyhEkmtNylY6IofO/QdbdVPFV2f2tbSxB/mz+CNjtma\r\nhd9cBya391T0kzWwY/s3s235+Bu2xLpjyxlUzd1VPJgLErxyUV2oF63fGSpj\r\nlCjJROp5d2vKz+pzpi0kFXjEtuXKUblfgHr3pfkhOlzvN3E3G/1+39zKqpIK\r\nXZkqfRXjC4IlagZIGoq2QBDZwGHiZrJcie4=\r\n=oH3S\r\n-----END PGP SIGNATURE-----\r\n"
          }
        },
        "9.2.2-rc.2": {
          "name": "@mermaid-js/mermaid-mindmap",
          "version": "9.2.2-rc.2",
          "dependencies": {
            "@braintree/sanitize-url": "^6.0.0",
            "cytoscape": "^3.23.0",
            "cytoscape-cose-bilkent": "^4.1.0",
            "cytoscape-fcose": "^2.1.0",
            "d3": "^7.0.0",
            "non-layered-tidy-tree-layout": "^2.0.2"
          },
          "devDependencies": {
            "concurrently": "^7.4.0",
            "mermaid": "workspace:*",
            "rimraf": "^3.0.2"
          },
          "dist": {
            "integrity": "sha512-/mEPI62y6/6r7Hsf6M1F2qhv4gH+WIz/EyKjnqCtJ7sCBF7/m1VJQz8MQIJfggGS1LqxPDbvtcztfzwMBu9/vg==",
            "shasum": "6703dec434c020182b323de3045c2f555ed5f3b7",
            "tarball": "https://registry.npmjs.org/@mermaid-js/mermaid-mindmap/-/mermaid-mindmap-9.2.2-rc.2.tgz",
            "fileCount": 22,
            "unpackedSize": 11729954,
            "signatures": [
              {
                "keyid": "SHA256:jl3bwswu80PjjokCgh0o2w5c2U4LhQAE57gj9cz1kzA",
                "sig": "MEQCIDzroz9rqa5s7AJI6pK84zLIFEjp9jB8kqWjt9zDfHU8AiAgzxojCNIFplcFzRghkfutwzIOAlxpg7hWKaQq149mgg=="
              }
            ],
            "npm-signature": "-----BEGIN PGP SIGNATURE-----\r\nVersion: OpenPGP.js v4.10.10\r\nComment: https://openpgpjs.org\r\n\r\nwsFzBAEBCAAGBQJja1dIACEJED1NWxICdlZqFiEECWMYAoorWMhJKdjhPU1b\r\nEgJ2Vmqihw/9Gx9wg7f+f69jB7UPloPcy/Ph1A9MbRHaZlPnxyRAx/JW5VXW\r\nbJy9CPYjUvurVITmoK9ZuzoDPedM6o+BnpEDXV/Pp0tsv9BCGC/Cun223MJ5\r\nt9HilWfeixF4TJ3mKPLDRiGgISzHKQ+LyS/NPgnLw5WjCQIJjWcsgRfBCKRd\r\nMo5JQyjBoR2XMWvva/l7w4c14F4Gfil1PriKB0JMsCaoaCThTpjujOyVCcPd\r\nsNvNOF5EkkULhdEKoanqn7QCt4s1uVb67iH+9dFz17QjblX66zgS8pBGToEl\r\nwpx9KMWp8796TdSnk0y+KMNk1dhQUO3jTd8qS1RlnZwkKTU6h3eXsOWs0a9y\r\nhuiu3JsII+26gHvdN404T1pe+OiKWWWZxz+0EAWaGvmB6kfemE+eNZKTct9U\r\n75QJRanKpslzRDFwAw2l2+lq2CHTvceoMjGVbdBsq1unGp42WzEwOdoKw5xc\r\nuClqzvbwV0Qt5gwnC1geMi15w1Np1kiJyvgBnnnwdpjWTvyCQQLxZdl8lHlM\r\ncXq0eZdrgjP8p6RPRJbjQ9RIdz5C/TiZc/FlTTUtqw9v0SaUmbSD73B2iHR0\r\nQ7p4jYGgAsD+Xmm+6ckrNtkQiFTa11HAxMRf4CKEWRqJ8mYk1aPmiDZbjInl\r\ne/GbCS2S+zPliwHm0IXT2V/M/m4jXV+ianU=\r\n=BCUq\r\n-----END PGP SIGNATURE-----\r\n"
          }
        },
        "9.2.2": {
          "name": "@mermaid-js/mermaid-mindmap",
          "version": "9.2.2",
          "dependencies": {
            "@braintree/sanitize-url": "^6.0.0",
            "cytoscape": "^3.23.0",
            "cytoscape-cose-bilkent": "^4.1.0",
            "cytoscape-fcose": "^2.1.0",
            "d3": "^7.0.0",
            "non-layered-tidy-tree-layout": "^2.0.2"
          },
          "devDependencies": {
            "concurrently": "^7.4.0",
            "mermaid": "workspace:*",
            "rimraf": "^3.0.2"
          },
          "dist": {
            "integrity": "sha512-uzUY0PR/itxkQxpDRg95yDPJ++mRDUmGce4EVCKFebUCs0UNI/xi5mhvV6Oq8czM2ImY0W1gJu4MS2Xq3yiQug==",
            "shasum": "106b06733748cf3a5b9e6a9bd6d11546020bed38",
            "tarball": "https://registry.npmjs.org/@mermaid-js/mermaid-mindmap/-/mermaid-mindmap-9.2.2.tgz",
            "fileCount": 22,
            "unpackedSize": 11729949,
            "signatures": [
              {
                "keyid": "SHA256:jl3bwswu80PjjokCgh0o2w5c2U4LhQAE57gj9cz1kzA",
                "sig": "MEYCIQDrXBamTWwl3/TjAeeeDAQkCiMs5cdOmHQasIBb6LgebgIhAJMEZkxfZmUs0ia4nUdPY3gXaFlQ03U+xsjjJhbcZm4n"
              }
            ],
            "npm-signature": "-----BEGIN PGP SIGNATURE-----\r\nVersion: OpenPGP.js v4.10.10\r\nComment: https://openpgpjs.org\r\n\r\nwsFzBAEBCAAGBQJja8WiACEJED1NWxICdlZqFiEECWMYAoorWMhJKdjhPU1b\r\nEgJ2VmpR7w/+NmTFSphc5onDVbkAEU4tcMCR/atOSAPZnp9T2GnCQS7mfM6B\r\nZsyoyDsPkIblL3gccnLsPHh+CnrmGqe8w09qEp7Vr8CJIgmHvBi/4ScIimMm\r\ntEPZDgKiu+k4AWRRgN3d1DKRgXWpKxXy2n7slyxTizHic7w4KslDygy3JSHy\r\nSHliydtqZz6rDg2npoA7KmvEhCA59glgOafF1DpfIJNVHvy43zjfEsL02s0E\r\n+LdS9spLBnFM4ikG8T9mnoB/pn5Wt1CYvuKBxsLg21ylH/2Tc+K1UCoAtmev\r\ngc3nmVUu06tzZfG+KjWyuK+SzgpzumBPHNmescdeWue8b1ZziwqZeounuuNM\r\nZ1T8pnB5qL+b576GUBvanCwF1unF8W3RzuViM1WsZCprR7jvlQtFtXiyaVQ1\r\ntEej88ZpDhdQzL5QIchf00XlSrC7oo4XJ+NHOE2jprrxDg45zXWJAKXYM6+x\r\nawULV0trAP/eQ0xgNEWAe/pWID007unSyItz9cesgykOeA+O1ZWJBG08BFsY\r\nNVPUpbClsi96/bXCuCjcY9ZaBIBnV0iMt3uV77kAPZoI3qeEykf3ud+Parv/\r\nBkQf/cuF2s34j8FjHRSWeIx/Bxu4XnUR6IPX5aKLSR9VBOE9IQVjb7pUjUSP\r\nsB93RPPZ1IsuZmX9UNhXPI/yMZnxrqvedIE=\r\n=ZBmU\r\n-----END PGP SIGNATURE-----\r\n"
          }
        },
        "9.3.0-rc1": {
          "name": "@mermaid-js/mermaid-mindmap",
          "version": "9.3.0-rc1",
          "dependencies": {
            "@braintree/sanitize-url": "^6.0.0",
            "cytoscape": "^3.23.0",
            "cytoscape-cose-bilkent": "^4.1.0",
            "cytoscape-fcose": "^2.1.0",
            "d3": "^7.0.0",
            "khroma": "^2.0.0",
            "non-layered-tidy-tree-layout": "^2.0.2"
          },
          "devDependencies": {
            "concurrently": "^7.5.0",
            "mermaid": "workspace:*",
            "rimraf": "^3.0.2"
          },
          "dist": {
            "integrity": "sha512-jpJtu7/3zDnLT9MKYGpcy6qVktW2iWyCy8s8I25KDGpVGyUPA4kkPZcDSLgBrbnrwYHLrCwIGmGgD6wran/L4A==",
            "shasum": "bb43f31fd2ebcf54cb2082e4352b1b678f13b949",
            "tarball": "https://registry.npmjs.org/@mermaid-js/mermaid-mindmap/-/mermaid-mindmap-9.3.0-rc1.tgz",
            "fileCount": 36,
            "unpackedSize": 20622375,
            "signatures": [
              {
                "keyid": "SHA256:jl3bwswu80PjjokCgh0o2w5c2U4LhQAE57gj9cz1kzA",
                "sig": "MEYCIQDYgpkbrzc2/Mx2an1mWBoLcfliwIADE6SMdGMhVxi6hwIhAJGHb1iWzUyJOvRbogVhTnHZYuEfjW6AK6x8ZBBtKuqH"
              }
            ],
            "npm-signature": "-----BEGIN PGP SIGNATURE-----\r\nVersion: OpenPGP.js v4.10.10\r\nComment: https://openpgpjs.org\r\n\r\nwsFzBAEBCAAGBQJjkfIAACEJED1NWxICdlZqFiEECWMYAoorWMhJKdjhPU1b\r\nEgJ2VmpZ8w/+LjUA8A9QHfDk9utXVdq7G4F3QkxOWu0ZdDXZOyqTUCyPGWDO\r\nkP0Ev6Co/uzziKu1jJ8KqYw5HvolHfQuxrL+w9EbtG2SKMjjlsSFjw7H8Grm\r\noqttHTNPx0ge3nEor/Mlsfpdk9bxLarKGGHZBkG9QwqQp80yDDHm7q6E59cV\r\nyoD82L95WBbEcmnLJnvkwoTAG1Stlxtpbqj3hJb+uU3RTFCfq+k+KLa8GTE9\r\nOPr6fMgiNblByr0/jWR2IrVKUoT4YCUvNPkBSBjMBalhLx3VoC4vRiqNBEb3\r\nX9ZcsGXJ/mToQQxm9DiJU59ublcNl1tIfjwv0spBUM07ste7R9fk9RCBXuea\r\nBOp5JsN+NdXfwAFHUJtvK1SYlkEiX6wZI1lS7U8KGgCKqHwE2OdpT1N5MRgV\r\nLibNKOLWIeoGvbDkoU5o7GoJO81JkoSy8ZMelhrpPfXqHYK4hJcWRzrNUFYJ\r\nfdk5Q3VSuGU/alaFCWMz0VZ0L/MMz4GiETasZGfiYJYxHhIPlALk+9qcMJdF\r\nnb9uRkMOnTwrDel2I1szUf3ICo/VpxPublcpZ8TdF9UhJFgnaZv5GRqAok4e\r\nugD9li9zFXJHLq7n/VVXFu3YQMwk5Nc5WOWNqXptOmtuBBPqyAK+NLQLSXAE\r\nDOBbwKb+E/aGgiBncztElZdf+Sfa5SnXXCs=\r\n=hcA/\r\n-----END PGP SIGNATURE-----\r\n"
          }
        },
        "9.3.0": {
          "name": "@mermaid-js/mermaid-mindmap",
          "version": "9.3.0",
          "dependencies": {
            "@braintree/sanitize-url": "^6.0.0",
            "cytoscape": "^3.23.0",
            "cytoscape-cose-bilkent": "^4.1.0",
            "cytoscape-fcose": "^2.1.0",
            "d3": "^7.0.0",
            "khroma": "^2.0.0",
            "non-layered-tidy-tree-layout": "^2.0.2"
          },
          "devDependencies": {
            "concurrently": "^7.5.0",
            "mermaid": "workspace:*",
            "rimraf": "^3.0.2"
          },
          "dist": {
            "integrity": "sha512-IhtYSVBBRYviH1Ehu8gk69pMDF8DSRqXBRDMWrEfHoaMruHeaP2DXA3PBnuwsMaCdPQhlUUcy/7DBLAEIXvCAw==",
            "shasum": "cfe10329198a0f37e27eef1dcc4a1cf21f187e2b",
            "tarball": "https://registry.npmjs.org/@mermaid-js/mermaid-mindmap/-/mermaid-mindmap-9.3.0.tgz",
            "fileCount": 44,
            "unpackedSize": 26909267,
            "signatures": [
              {
                "keyid": "SHA256:jl3bwswu80PjjokCgh0o2w5c2U4LhQAE57gj9cz1kzA",
                "sig": "MEQCIAI8vS0+b1u8kFaYzhniakk8yK1/86Y2dYZTAD+Dq/czAiBy7uJh3PpF/SbMwjxmusMQCSZp7WpE7ypNP7uqVKJ8Yg=="
              }
            ],
            "npm-signature": "-----BEGIN PGP SIGNATURE-----\r\nVersion: OpenPGP.js v4.10.10\r\nComment: https://openpgpjs.org\r\n\r\nwsFzBAEBCAAGBQJjmubLACEJED1NWxICdlZqFiEECWMYAoorWMhJKdjhPU1b\r\nEgJ2VmpjVw/+K1UjOuuE8vS81++BFAu8lOc1bICG8Fz+T0CFhn8kKgDYPqZm\r\nvIZoXCtDtzkp5q0RV0NzF02ONlQ8ne2k6n6sHZ7a6NpYrKGt9cDR/6V1yxTs\r\n0vw5tznRXTgtsSwZPaHTXj/h8o4i7Rz0X1UQr+7tPU32OqNWJ1EtRy7c5KXV\r\n1qnPoXgHW6um+9iE2WZ2k78gYjUJAE0xOWf3F+4sLclO4MBK7DKkEruLGwgr\r\nXDsGG3S8KxBzk+CE8OcOJ6x2OSW/N/b+wF3LeE0SLjoK7JyHCQ55WRVkSXLw\r\nbSOwVIIzIFH2WjERfi294lcmNKxRHOXt1qFRJBQP/6/s+QG35wQL7tKGLgvo\r\nYIMzO+z7lmZfN9P5Eu34Nz3mrlPT8MOOCHI6SDYXmkUU7mpvor1HARnrv+Gk\r\nrqy8bKjYII+wOpCLakp2VPbMxfkwMIzXjekG7pgJkARmm/f6kNDTHHFRZKFW\r\nWXglAiewMhcFCUgxqWsOCpQN9xPdrOFiYiCBcstmgWJfQj8QfDqbQtS4h86Q\r\neVVCklG6i6bEMqCeDCqEPNvsPJp0e/7gHl3e4RWRW5apCd8zEJ4RyM0fchVv\r\nc26AtaDyrSQGn1+j9VRUHi2yBxH891SNS9R8md/OejdmBHOCqapnITHadntZ\r\nhpPwNTDy9TSeg7i4utm/iyWrjtxNl8DgCO0=\r\n=Quh9\r\n-----END PGP SIGNATURE-----\r\n"
          }
        }
      },
      "modified": "2022-12-15T09:20:11.806Z",
      "cachedAt": 1687106277936
    },
    "pkgsStack": [],
    "err": {
      "name": "pnpm",
      "message": "No matching version found for @mermaid-js/mermaid-mindmap@9.1.7",
      "code": "ERR_PNPM_NO_MATCHING_VERSION",
      "stack": "pnpm: No matching version found for @mermaid-js/mermaid-mindmap@9.1.7\n    at resolveNpm (/usr/local/pnpm-global/5/node_modules/.pnpm/pnpm@6.18.0/node_modules/pnpm/dist/pnpm.cjs:84901:15)\n    at processTicksAndRejections (node:internal/process/task_queues:96:5)\n    at async Object.resolve (/usr/local/pnpm-global/5/node_modules/.pnpm/pnpm@6.18.0/node_modules/pnpm/dist/pnpm.cjs:85074:34)\n    at async run (/usr/local/pnpm-global/5/node_modules/.pnpm/pnpm@6.18.0/node_modules/pnpm/dist/pnpm.cjs:70888:23)"
    }
  }
}